0 info it worked if it ends with ok
1 verbose cli [ '/usr/local/bin/node', '/usr/local/bin/npm', 'run', 'server' ]
2 info using npm@2.15.5
3 info using node@v4.4.5
4 verbose run-script [ 'preserver', 'server', 'postserver' ]
5 info preserver saps-evaluation-server@0.0.1
6 info server saps-evaluation-server@0.0.1
7 verbose unsafe-perm in lifecycle true
8 info saps-evaluation-server@0.0.1 Failed to exec server script
9 verbose stack Error: saps-evaluation-server@0.0.1 server: `API_PORT=3001 ./node_modules/.bin/babel-node server.js`
9 verbose stack Exit status 1
9 verbose stack     at EventEmitter.<anonymous> (/usr/local/lib/node_modules/npm/lib/utils/lifecycle.js:217:16)
9 verbose stack     at emitTwo (events.js:87:13)
9 verbose stack     at EventEmitter.emit (events.js:172:7)
9 verbose stack     at ChildProcess.<anonymous> (/usr/local/lib/node_modules/npm/lib/utils/spawn.js:24:14)
9 verbose stack     at emitTwo (events.js:87:13)
9 verbose stack     at ChildProcess.emit (events.js:172:7)
9 verbose stack     at maybeClose (internal/child_process.js:827:16)
9 verbose stack     at Process.ChildProcess._handle.onexit (internal/child_process.js:211:5)
10 verbose pkgid saps-evaluation-server@0.0.1
11 verbose cwd /Users/ynie/Documents/UVa/saps-evaluation
12 error Darwin 15.4.0
13 error argv "/usr/local/bin/node" "/usr/local/bin/npm" "run" "server"
14 error node v4.4.5
15 error npm  v2.15.5
16 error code ELIFECYCLE
17 error saps-evaluation-server@0.0.1 server: `API_PORT=3001 ./node_modules/.bin/babel-node server.js`
17 error Exit status 1
18 error Failed at the saps-evaluation-server@0.0.1 server script 'API_PORT=3001 ./node_modules/.bin/babel-node server.js'.
18 error This is most likely a problem with the saps-evaluation-server package,
18 error not with npm itself.
18 error Tell the author that this fails on your system:
18 error     API_PORT=3001 ./node_modules/.bin/babel-node server.js
18 error You can get information on how to open an issue for this project with:
18 error     npm bugs saps-evaluation-server
18 error Or if that isn't available, you can get their info via:
18 error
18 error     npm owner ls saps-evaluation-server
18 error There is likely additional logging output above.
19 verbose exit [ 1, true ]
